0 info it worked if it ends with ok
1 verbose cli [ 'C:\\Program Files\\nodejs\\node.exe',
1 verbose cli   'C:\\Program Files\\nodejs\\node_modules\\npm\\bin\\npm-cli.js',
1 verbose cli   'install',
1 verbose cli   '--save',
1 verbose cli   'serialport2' ]
2 info using npm@2.14.4
3 info using node@v4.1.2
4 verbose install initial load of C:\Users\Alfio\Documents\NodeProjects\tesi\target-block\package.json
5 verbose installManyTop reading scoped package data from C:\Users\Alfio\Documents\NodeProjects\tesi\target-block\node_modules\body-parser\package.json
6 verbose installManyTop reading scoped package data from C:\Users\Alfio\Documents\NodeProjects\tesi\target-block\node_modules\express\package.json
7 verbose installManyTop reading scoped package data from C:\Users\Alfio\Documents\NodeProjects\tesi\target-block\node_modules\serialport\package.json
8 verbose readDependencies loading dependencies from C:\Users\Alfio\Documents\NodeProjects\tesi\target-block\package.json
9 silly cache add args [ 'serialport2', null ]
10 verbose cache add spec serialport2
11 silly cache add parsed spec Result {
11 silly cache add   raw: 'serialport2',
11 silly cache add   scope: null,
11 silly cache add   name: 'serialport2',
11 silly cache add   rawSpec: '',
11 silly cache add   spec: '*',
11 silly cache add   type: 'range' }
12 silly addNamed serialport2@*
13 verbose addNamed "*" is a valid semver range for serialport2
14 silly addNameRange { name: 'serialport2', range: '*', hasData: false }
15 silly mapToRegistry name serialport2
16 silly mapToRegistry using default registry
17 silly mapToRegistry registry https://registry.npmjs.org/
18 silly mapToRegistry uri https://registry.npmjs.org/serialport2
19 verbose addNameRange registry:https://registry.npmjs.org/serialport2 not in flight; fetching
20 verbose request uri https://registry.npmjs.org/serialport2
21 verbose request no auth needed
22 info attempt registry request try #1 at 16:10:46
23 verbose request id 906b1911cb8cfd1e
24 http request GET https://registry.npmjs.org/serialport2
25 http 200 https://registry.npmjs.org/serialport2
26 silly get cb [ 200,
26 silly get   { server: 'CouchDB/1.5.0 (Erlang OTP/R16B03)',
26 silly get     etag: '"1QTVWBAEXZPKU8B7IXQUDHKUP"',
26 silly get     'content-type': 'application/json',
26 silly get     'cache-control': 'max-age=60',
26 silly get     'content-length': '8557',
26 silly get     'accept-ranges': 'bytes',
26 silly get     date: 'Sat, 14 Nov 2015 15:10:47 GMT',
26 silly get     via: '1.1 varnish',
26 silly get     age: '0',
26 silly get     connection: 'keep-alive',
26 silly get     'x-served-by': 'cache-fra1229-FRA',
26 silly get     'x-cache': 'MISS',
26 silly get     'x-cache-hits': '0',
26 silly get     'x-timer': 'S1447513847.300387,VS0,VE184',
26 silly get     vary: 'Accept' } ]
27 verbose get saving serialport2 to C:\Users\Alfio\AppData\Roaming\npm-cache\registry.npmjs.org\serialport2\.cache.json
28 silly addNameRange number 2 { name: 'serialport2', range: '*', hasData: true }
29 silly addNameRange versions [ 'serialport2',
29 silly addNameRange   [ '0.0.1', '0.0.2', '0.0.3', '0.0.4', '0.0.5' ] ]
30 silly addNamed serialport2@0.0.5
31 verbose addNamed "0.0.5" is a plain semver version for serialport2
32 warn deprecated serialport2@0.0.5: Development has moved to serialport
33 silly mapToRegistry name serialport2
34 silly mapToRegistry using default registry
35 silly mapToRegistry registry https://registry.npmjs.org/
36 silly mapToRegistry uri https://registry.npmjs.org/serialport2
37 verbose addRemoteTarball https://registry.npmjs.org/serialport2/-/serialport2-0.0.5.tgz not in flight; adding
38 verbose addRemoteTarball [ 'https://registry.npmjs.org/serialport2/-/serialport2-0.0.5.tgz',
38 verbose addRemoteTarball   'd74af5ad22e77518c40aa9f5c58586df0d38fe17' ]
39 info retry fetch attempt 1 at 16:10:47
40 info attempt registry request try #1 at 16:10:47
41 http fetch GET https://registry.npmjs.org/serialport2/-/serialport2-0.0.5.tgz
42 http fetch 200 https://registry.npmjs.org/serialport2/-/serialport2-0.0.5.tgz
43 silly fetchAndShaCheck shasum d74af5ad22e77518c40aa9f5c58586df0d38fe17
44 verbose addTmpTarball C:\Users\Alfio\AppData\Local\Temp\npm-540-3931b891\registry.npmjs.org\serialport2\-\serialport2-0.0.5.tgz not in flight; adding
45 verbose addTmpTarball already have metadata; skipping unpack for serialport2@0.0.5
46 silly cache afterAdd serialport2@0.0.5
47 verbose afterAdd C:\Users\Alfio\AppData\Roaming\npm-cache\serialport2\0.0.5\package\package.json not in flight; writing
48 verbose afterAdd C:\Users\Alfio\AppData\Roaming\npm-cache\serialport2\0.0.5\package\package.json written
49 silly install resolved [ { name: 'serialport2',
49 silly install resolved     description: 'node.js serial port driver.',
49 silly install resolved     author: { name: 'Joe Ferner', email: 'joe.ferner@nearinfinity.com' },
49 silly install resolved     keywords: [ 'serial', 'serialport', 'com', 'comport', 'arduino' ],
49 silly install resolved     version: '0.0.5',
49 silly install resolved     engines: { node: '>=0.6.0' },
49 silly install resolved     maintainers: [ [Object] ],
49 silly install resolved     bugs: { url: 'https://github.com/joeferner/node-serialport2/issues' },
49 silly install resolved     license: 'MIT',
49 silly install resolved     repository:
49 silly install resolved      { type: 'git',
49 silly install resolved        url: 'git://github.com/joeferner/node-serialport2.git' },
49 silly install resolved     dependencies:
49 silly install resolved      { bindings: '0.3.0',
49 silly install resolved        async: '0.1.18',
49 silly install resolved        sf: '0.1.3',
49 silly install resolved        optimist: '~0.3.4' },
49 silly install resolved     devDependencies: { nodeunit: '~0.7.4' },
49 silly install resolved     scripts: { test: 'node ./node_modules/nodeunit/bin/nodeunit test' },
49 silly install resolved     main: './index.js',
49 silly install resolved     bin:
49 silly install resolved      { serialportlist: './bin/serialportList.js',
49 silly install resolved        serialportterm: './bin/serialportTerminal.js' },
49 silly install resolved     _npmUser: { name: 'joeferner', email: 'joe@fernsroth.com' },
49 silly install resolved     _id: 'serialport2@0.0.5',
49 silly install resolved     _engineSupported: true,
49 silly install resolved     _npmVersion: '1.1.0-alpha-6',
49 silly install resolved     _nodeVersion: 'v0.7.8',
49 silly install resolved     _defaultsLoaded: true,
49 silly install resolved     dist:
49 silly install resolved      { shasum: 'd74af5ad22e77518c40aa9f5c58586df0d38fe17',
49 silly install resolved        tarball: 'http://registry.npmjs.org/serialport2/-/serialport2-0.0.5.tgz' },
49 silly install resolved     deprecated: 'Development has moved to serialport',
49 silly install resolved     directories: {},
49 silly install resolved     _shasum: 'd74af5ad22e77518c40aa9f5c58586df0d38fe17',
49 silly install resolved     _resolved: 'https://registry.npmjs.org/serialport2/-/serialport2-0.0.5.tgz',
49 silly install resolved     _from: 'serialport2@*' } ]
50 info install serialport2@0.0.5 into C:\Users\Alfio\Documents\NodeProjects\tesi\target-block
51 info installOne serialport2@0.0.5
52 verbose installOne of serialport2 to C:\Users\Alfio\Documents\NodeProjects\tesi\target-block not in flight; installing
53 verbose lock using C:\Users\Alfio\AppData\Roaming\npm-cache\_locks\serialport2-973533e11bc88853.lock for C:\Users\Alfio\Documents\NodeProjects\tesi\target-block\node_modules\serialport2
54 silly install write writing serialport2 0.0.5 to C:\Users\Alfio\Documents\NodeProjects\tesi\target-block\node_modules\serialport2
55 verbose unbuild node_modules\serialport2
56 silly gentlyRm C:\Users\Alfio\Documents\NodeProjects\tesi\target-block\node_modules\serialport2 is being purged from base C:\Users\Alfio\Documents\NodeProjects\tesi\target-block
57 verbose gentlyRm don't care about contents; nuking C:\Users\Alfio\Documents\NodeProjects\tesi\target-block\node_modules\serialport2
58 verbose tar unpack C:\Users\Alfio\AppData\Roaming\npm-cache\serialport2\0.0.5\package.tgz
59 verbose tar unpacking to C:\Users\Alfio\Documents\NodeProjects\tesi\target-block\node_modules\serialport2
60 silly gentlyRm C:\Users\Alfio\Documents\NodeProjects\tesi\target-block\node_modules\serialport2 is being purged
61 verbose gentlyRm don't care about contents; nuking C:\Users\Alfio\Documents\NodeProjects\tesi\target-block\node_modules\serialport2
62 silly gunzTarPerm modes [ '777', '666' ]
63 silly gunzTarPerm extractEntry lib/
64 silly gunzTarPerm modified mode [ 'lib/', 493, 511 ]
65 silly gunzTarPerm extractEntry lib/serialport.js
66 silly gunzTarPerm modified mode [ 'lib/serialport.js', 420, 438 ]
67 silly gunzTarPerm extractEntry test/
68 silly gunzTarPerm modified mode [ 'test/', 493, 511 ]
69 silly gunzTarPerm extractEntry test/arduinioEcho/
70 silly gunzTarPerm modified mode [ 'test/arduinioEcho/', 493, 511 ]
71 silly gunzTarPerm extractEntry test/arduinioEcho/arduinioEcho.ino
72 silly gunzTarPerm modified mode [ 'test/arduinioEcho/arduinioEcho.ino', 420, 438 ]
73 silly gunzTarPerm extractEntry test/echoTest.js
74 silly gunzTarPerm modified mode [ 'test/echoTest.js', 420, 438 ]
75 silly gunzTarPerm extractEntry .idea/
76 silly gunzTarPerm modified mode [ '.idea/', 493, 511 ]
77 silly gunzTarPerm extractEntry .idea/node-serialport2.iml
78 silly gunzTarPerm modified mode [ '.idea/node-serialport2.iml', 420, 438 ]
79 silly gunzTarPerm extractEntry .idea/misc.xml
80 silly gunzTarPerm modified mode [ '.idea/misc.xml', 420, 438 ]
81 silly gunzTarPerm extractEntry .idea/vcs.xml
82 silly gunzTarPerm modified mode [ '.idea/vcs.xml', 420, 438 ]
83 silly gunzTarPerm extractEntry .idea/workspace.xml
84 silly gunzTarPerm modified mode [ '.idea/workspace.xml', 420, 438 ]
85 silly gunzTarPerm extractEntry .idea/.name
86 silly gunzTarPerm modified mode [ '.idea/.name', 420, 438 ]
87 silly gunzTarPerm extractEntry .idea/modules.xml
88 silly gunzTarPerm modified mode [ '.idea/modules.xml', 420, 438 ]
89 silly gunzTarPerm extractEntry .idea/encodings.xml
90 silly gunzTarPerm modified mode [ '.idea/encodings.xml', 420, 438 ]
91 silly gunzTarPerm extractEntry .idea/scopes/
92 silly gunzTarPerm modified mode [ '.idea/scopes/', 493, 511 ]
93 silly gunzTarPerm extractEntry .idea/scopes/scope_settings.xml
94 silly gunzTarPerm modified mode [ '.idea/scopes/scope_settings.xml', 420, 438 ]
95 silly gunzTarPerm extractEntry binding.gyp
96 silly gunzTarPerm modified mode [ 'binding.gyp', 420, 438 ]
97 silly gunzTarPerm extractEntry src/
98 silly gunzTarPerm modified mode [ 'src/', 493, 511 ]
99 silly gunzTarPerm extractEntry src/serialport.cpp
100 silly gunzTarPerm modified mode [ 'src/serialport.cpp', 420, 438 ]
101 silly gunzTarPerm extractEntry src/win/
102 silly gunzTarPerm modified mode [ 'src/win/', 493, 511 ]
103 silly gunzTarPerm extractEntry src/win/disphelper.h
104 silly gunzTarPerm modified mode [ 'src/win/disphelper.h', 420, 438 ]
105 silly gunzTarPerm extractEntry src/win/disphelper.c
106 silly gunzTarPerm modified mode [ 'src/win/disphelper.c', 420, 438 ]
107 silly gunzTarPerm extractEntry src/serialport_unix.cpp
108 silly gunzTarPerm modified mode [ 'src/serialport_unix.cpp', 420, 438 ]
109 silly gunzTarPerm extractEntry src/serialport.h
110 silly gunzTarPerm modified mode [ 'src/serialport.h', 420, 438 ]
111 silly gunzTarPerm extractEntry src/serialport_win.cpp
112 silly gunzTarPerm modified mode [ 'src/serialport_win.cpp', 420, 438 ]
113 silly gunzTarPerm extractEntry .gitignore
114 silly gunzTarPerm modified mode [ '.gitignore', 420, 438 ]
115 silly gunzTarPerm extractEntry index.js
116 silly gunzTarPerm modified mode [ 'index.js', 420, 438 ]
117 silly gunzTarPerm extractEntry bin/
118 silly gunzTarPerm modified mode [ 'bin/', 493, 511 ]
119 silly gunzTarPerm extractEntry bin/serialportList.js
120 silly gunzTarPerm modified mode [ 'bin/serialportList.js', 493, 511 ]
121 silly gunzTarPerm extractEntry bin/serialportTerminal.js
122 silly gunzTarPerm modified mode [ 'bin/serialportTerminal.js', 493, 511 ]
123 silly gunzTarPerm extractEntry package.json
124 silly gunzTarPerm modified mode [ 'package.json', 420, 438 ]
125 silly gunzTarPerm extractEntry README.md
126 silly gunzTarPerm modified mode [ 'README.md', 420, 438 ]
127 verbose write writing to C:\Users\Alfio\Documents\NodeProjects\tesi\target-block\node_modules\serialport2\package.json
128 info preinstall serialport2@0.0.5
129 verbose readDependencies loading dependencies from C:\Users\Alfio\Documents\NodeProjects\tesi\target-block\node_modules\serialport2\package.json
130 silly prepareForInstallMany adding bindings@0.3.0 from serialport2 dependencies
131 silly prepareForInstallMany adding async@0.1.18 from serialport2 dependencies
132 silly prepareForInstallMany adding sf@0.1.3 from serialport2 dependencies
133 silly prepareForInstallMany adding optimist@~0.3.4 from serialport2 dependencies
134 verbose readDependencies loading dependencies from C:\Users\Alfio\Documents\NodeProjects\tesi\target-block\node_modules\serialport2\package.json
135 silly cache add args [ 'bindings@0.3.0', null ]
136 verbose cache add spec bindings@0.3.0
137 silly cache add args [ 'async@0.1.18', null ]
138 verbose cache add spec async@0.1.18
139 silly cache add parsed spec Result {
139 silly cache add   raw: 'bindings@0.3.0',
139 silly cache add   scope: null,
139 silly cache add   name: 'bindings',
139 silly cache add   rawSpec: '0.3.0',
139 silly cache add   spec: '0.3.0',
139 silly cache add   type: 'version' }
140 silly addNamed bindings@0.3.0
141 verbose addNamed "0.3.0" is a plain semver version for bindings
142 silly mapToRegistry name bindings
143 silly mapToRegistry using default registry
144 silly mapToRegistry registry https://registry.npmjs.org/
145 silly mapToRegistry uri https://registry.npmjs.org/bindings
146 verbose addNameVersion registry:https://registry.npmjs.org/bindings not in flight; fetching
147 silly cache add parsed spec Result {
147 silly cache add   raw: 'async@0.1.18',
147 silly cache add   scope: null,
147 silly cache add   name: 'async',
147 silly cache add   rawSpec: '0.1.18',
147 silly cache add   spec: '0.1.18',
147 silly cache add   type: 'version' }
148 silly addNamed async@0.1.18
149 verbose addNamed "0.1.18" is a plain semver version for async
150 silly mapToRegistry name async
151 silly mapToRegistry using default registry
152 silly mapToRegistry registry https://registry.npmjs.org/
153 silly mapToRegistry uri https://registry.npmjs.org/async
154 verbose addNameVersion registry:https://registry.npmjs.org/async not in flight; fetching
155 silly cache add args [ 'sf@0.1.3', null ]
156 verbose cache add spec sf@0.1.3
157 silly cache add parsed spec Result {
157 silly cache add   raw: 'sf@0.1.3',
157 silly cache add   scope: null,
157 silly cache add   name: 'sf',
157 silly cache add   rawSpec: '0.1.3',
157 silly cache add   spec: '0.1.3',
157 silly cache add   type: 'version' }
158 silly addNamed sf@0.1.3
159 verbose addNamed "0.1.3" is a plain semver version for sf
160 silly mapToRegistry name sf
161 silly mapToRegistry using default registry
162 silly mapToRegistry registry https://registry.npmjs.org/
163 silly mapToRegistry uri https://registry.npmjs.org/sf
164 verbose addNameVersion registry:https://registry.npmjs.org/sf not in flight; fetching
165 silly cache add args [ 'optimist@~0.3.4', null ]
166 verbose cache add spec optimist@~0.3.4
167 silly cache add parsed spec Result {
167 silly cache add   raw: 'optimist@~0.3.4',
167 silly cache add   scope: null,
167 silly cache add   name: 'optimist',
167 silly cache add   rawSpec: '~0.3.4',
167 silly cache add   spec: '>=0.3.4 <0.4.0',
167 silly cache add   type: 'range' }
168 silly addNamed optimist@>=0.3.4 <0.4.0
169 verbose addNamed ">=0.3.4 <0.4.0" is a valid semver range for optimist
170 silly addNameRange { name: 'optimist', range: '>=0.3.4 <0.4.0', hasData: false }
171 silly mapToRegistry name optimist
172 silly mapToRegistry using default registry
173 silly mapToRegistry registry https://registry.npmjs.org/
174 silly mapToRegistry uri https://registry.npmjs.org/optimist
175 verbose addNameRange registry:https://registry.npmjs.org/optimist not in flight; fetching
176 verbose request uri https://registry.npmjs.org/async
177 verbose request no auth needed
178 info attempt registry request try #1 at 16:10:48
179 verbose etag "EK8GSSVZA37BLSDQHMBY0B5L2"
180 http request GET https://registry.npmjs.org/async
181 verbose request uri https://registry.npmjs.org/sf
182 verbose request no auth needed
183 info attempt registry request try #1 at 16:10:48
184 verbose etag "18YCYRQVZMFUSUJEQ9LVIUD85"
185 http request GET https://registry.npmjs.org/sf
186 verbose request uri https://registry.npmjs.org/bindings
187 verbose request no auth needed
188 info attempt registry request try #1 at 16:10:48
189 verbose etag "9T1GC8LK3NF0OJU9OPHCFIKS3"
190 http request GET https://registry.npmjs.org/bindings
191 verbose request uri https://registry.npmjs.org/optimist
192 verbose request no auth needed
193 info attempt registry request try #1 at 16:10:48
194 verbose etag "5WV7ZVC4062GINLNCRBLXCDL4"
195 http request GET https://registry.npmjs.org/optimist
196 http 304 https://registry.npmjs.org/async
197 silly get cb [ 304,
197 silly get   { date: 'Sat, 14 Nov 2015 15:10:48 GMT',
197 silly get     via: '1.1 varnish',
197 silly get     'cache-control': 'max-age=60',
197 silly get     etag: '"EK8GSSVZA37BLSDQHMBY0B5L2"',
197 silly get     age: '50',
197 silly get     connection: 'keep-alive',
197 silly get     'x-served-by': 'cache-fra1241-FRA',
197 silly get     'x-cache': 'HIT',
197 silly get     'x-cache-hits': '5',
197 silly get     'x-timer': 'S1447513848.642231,VS0,VE0',
197 silly get     vary: 'Accept' } ]
198 verbose etag https://registry.npmjs.org/async from cache
199 verbose get saving async to C:\Users\Alfio\AppData\Roaming\npm-cache\registry.npmjs.org\async\.cache.json
200 silly mapToRegistry name async
201 silly mapToRegistry using default registry
202 silly mapToRegistry registry https://registry.npmjs.org/
203 silly mapToRegistry uri https://registry.npmjs.org/async
204 verbose addRemoteTarball https://registry.npmjs.org/async/-/async-0.1.18.tgz not in flight; adding
205 verbose addRemoteTarball [ 'https://registry.npmjs.org/async/-/async-0.1.18.tgz',
205 verbose addRemoteTarball   'c59c923920b76d5bf23248c04433920c4d45086a' ]
206 info retry fetch attempt 1 at 16:10:48
207 info attempt registry request try #1 at 16:10:48
208 http fetch GET https://registry.npmjs.org/async/-/async-0.1.18.tgz
209 http 304 https://registry.npmjs.org/sf
210 silly get cb [ 304,
210 silly get   { date: 'Sat, 14 Nov 2015 15:10:48 GMT',
210 silly get     via: '1.1 varnish',
210 silly get     'cache-control': 'max-age=60',
210 silly get     etag: '"18YCYRQVZMFUSUJEQ9LVIUD85"',
210 silly get     age: '30',
210 silly get     connection: 'keep-alive',
210 silly get     'x-served-by': 'cache-fra1226-FRA',
210 silly get     'x-cache': 'HIT',
210 silly get     'x-cache-hits': '1',
210 silly get     'x-timer': 'S1447513848.675518,VS0,VE0',
210 silly get     vary: 'Accept' } ]
211 verbose etag https://registry.npmjs.org/sf from cache
212 verbose get saving sf to C:\Users\Alfio\AppData\Roaming\npm-cache\registry.npmjs.org\sf\.cache.json
213 silly mapToRegistry name sf
214 silly mapToRegistry using default registry
215 silly mapToRegistry registry https://registry.npmjs.org/
216 silly mapToRegistry uri https://registry.npmjs.org/sf
217 verbose addRemoteTarball https://registry.npmjs.org/sf/-/sf-0.1.3.tgz not in flight; adding
218 verbose addRemoteTarball [ 'https://registry.npmjs.org/sf/-/sf-0.1.3.tgz',
218 verbose addRemoteTarball   'a5d246148241ace3788447f6a9a95b564762c354' ]
219 info retry fetch attempt 1 at 16:10:48
220 info attempt registry request try #1 at 16:10:48
221 http fetch GET https://registry.npmjs.org/sf/-/sf-0.1.3.tgz
222 http 304 https://registry.npmjs.org/bindings
223 silly get cb [ 304,
223 silly get   { date: 'Sat, 14 Nov 2015 15:10:48 GMT',
223 silly get     via: '1.1 varnish',
223 silly get     'cache-control': 'max-age=60',
223 silly get     etag: '"9T1GC8LK3NF0OJU9OPHCFIKS3"',
223 silly get     age: '10',
223 silly get     connection: 'keep-alive',
223 silly get     'x-served-by': 'cache-fra1223-FRA',
223 silly get     'x-cache': 'HIT',
223 silly get     'x-cache-hits': '1',
223 silly get     'x-timer': 'S1447513848.704777,VS0,VE0',
223 silly get     vary: 'Accept' } ]
224 verbose etag https://registry.npmjs.org/bindings from cache
225 verbose get saving bindings to C:\Users\Alfio\AppData\Roaming\npm-cache\registry.npmjs.org\bindings\.cache.json
226 http 304 https://registry.npmjs.org/optimist
227 silly get cb [ 304,
227 silly get   { date: 'Sat, 14 Nov 2015 15:10:48 GMT',
227 silly get     via: '1.1 varnish',
227 silly get     'cache-control': 'max-age=60',
227 silly get     etag: '"5WV7ZVC4062GINLNCRBLXCDL4"',
227 silly get     age: '18',
227 silly get     connection: 'keep-alive',
227 silly get     'x-served-by': 'cache-fra1230-FRA',
227 silly get     'x-cache': 'HIT',
227 silly get     'x-cache-hits': '1',
227 silly get     'x-timer': 'S1447513848.705862,VS0,VE0',
227 silly get     vary: 'Accept' } ]
228 verbose etag https://registry.npmjs.org/optimist from cache
229 verbose get saving optimist to C:\Users\Alfio\AppData\Roaming\npm-cache\registry.npmjs.org\optimist\.cache.json
230 silly addNameRange number 2 { name: 'optimist', range: '>=0.3.4 <0.4.0', hasData: true }
231 silly addNameRange versions [ 'optimist',
231 silly addNameRange   [ '0.0.1',
231 silly addNameRange     '0.0.2',
231 silly addNameRange     '0.0.4',
231 silly addNameRange     '0.0.5',
231 silly addNameRange     '0.0.6',
231 silly addNameRange     '0.0.7',
231 silly addNameRange     '0.1.0',
231 silly addNameRange     '0.1.1',
231 silly addNameRange     '0.1.2',
231 silly addNameRange     '0.1.3',
231 silly addNameRange     '0.1.4',
231 silly addNameRange     '0.1.5',
231 silly addNameRange     '0.1.6',
231 silly addNameRange     '0.1.7',
231 silly addNameRange     '0.1.8',
231 silly addNameRange     '0.1.9',
231 silly addNameRange     '0.0.3',
231 silly addNameRange     '0.2.0',
231 silly addNameRange     '0.2.1',
231 silly addNameRange     '0.2.2',
231 silly addNameRange     '0.2.3',
231 silly addNameRange     '0.2.4',
231 silly addNameRange     '0.2.5',
231 silly addNameRange     '0.2.6',
231 silly addNameRange     '0.2.7',
231 silly addNameRange     '0.2.8',
231 silly addNameRange     '0.3.0',
231 silly addNameRange     '0.3.1',
231 silly addNameRange     '0.3.3',
231 silly addNameRange     '0.3.4',
231 silly addNameRange     '0.3.5',
231 silly addNameRange     '0.3.6',
231 silly addNameRange     '0.3.7',
231 silly addNameRange     '0.4.0',
231 silly addNameRange     '0.5.0',
231 silly addNameRange     '0.5.1',
231 silly addNameRange     '0.5.2',
231 silly addNameRange     '0.6.0',
231 silly addNameRange     '0.6.1' ] ]
232 silly addNamed optimist@0.3.7
233 verbose addNamed "0.3.7" is a plain semver version for optimist
234 silly mapToRegistry name optimist
235 silly mapToRegistry using default registry
236 silly mapToRegistry registry https://registry.npmjs.org/
237 silly mapToRegistry uri https://registry.npmjs.org/optimist
238 verbose addRemoteTarball https://registry.npmjs.org/optimist/-/optimist-0.3.7.tgz not in flight; adding
239 verbose addRemoteTarball [ 'https://registry.npmjs.org/optimist/-/optimist-0.3.7.tgz',
239 verbose addRemoteTarball   'c90941ad59e4273328923074d2cf2e7cbc6ec0d9' ]
240 silly mapToRegistry name bindings
241 silly mapToRegistry using default registry
242 silly mapToRegistry registry https://registry.npmjs.org/
243 silly mapToRegistry uri https://registry.npmjs.org/bindings
244 verbose addRemoteTarball https://registry.npmjs.org/bindings/-/bindings-0.3.0.tgz not in flight; adding
245 verbose addRemoteTarball [ 'https://registry.npmjs.org/bindings/-/bindings-0.3.0.tgz',
245 verbose addRemoteTarball   '2d01b7061ca312c6600c9b512404fd3ef99c06f3' ]
246 info retry fetch attempt 1 at 16:10:49
247 info attempt registry request try #1 at 16:10:49
248 http fetch GET https://registry.npmjs.org/bindings/-/bindings-0.3.0.tgz
249 info retry fetch attempt 1 at 16:10:49
250 info attempt registry request try #1 at 16:10:49
251 http fetch GET https://registry.npmjs.org/optimist/-/optimist-0.3.7.tgz
252 http fetch 200 https://registry.npmjs.org/async/-/async-0.1.18.tgz
253 silly fetchAndShaCheck shasum c59c923920b76d5bf23248c04433920c4d45086a
254 verbose addTmpTarball C:\Users\Alfio\AppData\Local\Temp\npm-540-3931b891\registry.npmjs.org\async\-\async-0.1.18.tgz not in flight; adding
255 verbose addTmpTarball already have metadata; skipping unpack for async@0.1.18
256 silly cache afterAdd async@0.1.18
257 verbose afterAdd C:\Users\Alfio\AppData\Roaming\npm-cache\async\0.1.18\package\package.json not in flight; writing
258 verbose afterAdd C:\Users\Alfio\AppData\Roaming\npm-cache\async\0.1.18\package\package.json written
259 http fetch 200 https://registry.npmjs.org/sf/-/sf-0.1.3.tgz
260 silly fetchAndShaCheck shasum a5d246148241ace3788447f6a9a95b564762c354
261 verbose addTmpTarball C:\Users\Alfio\AppData\Local\Temp\npm-540-3931b891\registry.npmjs.org\sf\-\sf-0.1.3.tgz not in flight; adding
262 verbose addTmpTarball already have metadata; skipping unpack for sf@0.1.3
263 silly cache afterAdd sf@0.1.3
264 verbose afterAdd C:\Users\Alfio\AppData\Roaming\npm-cache\sf\0.1.3\package\package.json not in flight; writing
265 verbose afterAdd C:\Users\Alfio\AppData\Roaming\npm-cache\sf\0.1.3\package\package.json written
266 http fetch 200 https://registry.npmjs.org/optimist/-/optimist-0.3.7.tgz
267 silly fetchAndShaCheck shasum c90941ad59e4273328923074d2cf2e7cbc6ec0d9
268 verbose addTmpTarball C:\Users\Alfio\AppData\Local\Temp\npm-540-3931b891\registry.npmjs.org\optimist\-\optimist-0.3.7.tgz not in flight; adding
269 verbose addTmpTarball already have metadata; skipping unpack for optimist@0.3.7
270 silly cache afterAdd optimist@0.3.7
271 verbose afterAdd C:\Users\Alfio\AppData\Roaming\npm-cache\optimist\0.3.7\package\package.json not in flight; writing
272 verbose afterAdd C:\Users\Alfio\AppData\Roaming\npm-cache\optimist\0.3.7\package\package.json written
273 http fetch 200 https://registry.npmjs.org/bindings/-/bindings-0.3.0.tgz
274 silly fetchAndShaCheck shasum 2d01b7061ca312c6600c9b512404fd3ef99c06f3
275 verbose addTmpTarball C:\Users\Alfio\AppData\Local\Temp\npm-540-3931b891\registry.npmjs.org\bindings\-\bindings-0.3.0.tgz not in flight; adding
276 verbose addTmpTarball already have metadata; skipping unpack for bindings@0.3.0
277 silly cache afterAdd bindings@0.3.0
278 verbose afterAdd C:\Users\Alfio\AppData\Roaming\npm-cache\bindings\0.3.0\package\package.json not in flight; writing
279 verbose afterAdd C:\Users\Alfio\AppData\Roaming\npm-cache\bindings\0.3.0\package\package.json written
280 silly install resolved [ { name: 'async',
280 silly install resolved     description: 'Higher-order functions and common patterns for asynchronous code',
280 silly install resolved     main: './index',
280 silly install resolved     author: { name: 'Caolan McMahon' },
280 silly install resolved     version: '0.1.18',
280 silly install resolved     repository: { type: 'git', url: 'git://github.com/caolan/async.git' },
280 silly install resolved     bugs: { url: 'http://github.com/caolan/async/issues' },
280 silly install resolved     licenses: [ [Object] ],
280 silly install resolved     devDependencies: { nodeunit: '>0.0.0', 'uglify-js': '1.2.x', nodelint: '>0.0.0' },
280 silly install resolved     _npmUser: { name: 'caolan', email: 'caolan@caolanmcmahon.com' },
280 silly install resolved     _id: 'async@0.1.18',
280 silly install resolved     dependencies: {},
280 silly install resolved     optionalDependencies: {},
280 silly install resolved     engines: { node: '*' },
280 silly install resolved     _engineSupported: true,
280 silly install resolved     _npmVersion: '1.1.1',
280 silly install resolved     _nodeVersion: 'v0.6.11',
280 silly install resolved     _defaultsLoaded: true,
280 silly install resolved     dist:
280 silly install resolved      { shasum: 'c59c923920b76d5bf23248c04433920c4d45086a',
280 silly install resolved        tarball: 'http://registry.npmjs.org/async/-/async-0.1.18.tgz' },
280 silly install resolved     maintainers: [ [Object] ],
280 silly install resolved     directories: {},
280 silly install resolved     _shasum: 'c59c923920b76d5bf23248c04433920c4d45086a',
280 silly install resolved     _resolved: 'https://registry.npmjs.org/async/-/async-0.1.18.tgz',
280 silly install resolved     _from: 'async@0.1.18' },
280 silly install resolved   { name: 'sf',
280 silly install resolved     description: 'String formatting library for node.js',
280 silly install resolved     author: { name: 'Joe Ferner', email: 'joe.ferner@nearinfinity.com' },
280 silly install resolved     keywords: [ 'string', 'format', 'template' ],
280 silly install resolved     version: '0.1.3',
280 silly install resolved     engines: { node: '>=0.6.0' },
280 silly install resolved     maintainers: [ [Object] ],
280 silly install resolved     bugs: { url: 'https://github.com/nearinfinity/node-sf/issues' },
280 silly install resolved     license: 'MIT',
280 silly install resolved     repository:
280 silly install resolved      { type: 'git',
280 silly install resolved        url: 'git://github.com/nearinfinity/node-sf.git' },
280 silly install resolved     devDependencies: { nodeunit: '~0.7.3' },
280 silly install resolved     scripts: { test: 'nodeunit test' },
280 silly install resolved     main: './index.js',
280 silly install resolved     _npmUser: { name: 'joeferner', email: 'joe@fernsroth.com' },
280 silly install resolved     _id: 'sf@0.1.3',
280 silly install resolved     dependencies: {},
280 silly install resolved     optionalDependencies: {},
280 silly install resolved     _engineSupported: true,
280 silly install resolved     _npmVersion: '1.1.4',
280 silly install resolved     _nodeVersion: 'v0.7.7',
280 silly install resolved     _defaultsLoaded: true,
280 silly install resolved     dist:
280 silly install resolved      { shasum: 'a5d246148241ace3788447f6a9a95b564762c354',
280 silly install resolved        tarball: 'http://registry.npmjs.org/sf/-/sf-0.1.3.tgz' },
280 silly install resolved     directories: {},
280 silly install resolved     _shasum: 'a5d246148241ace3788447f6a9a95b564762c354',
280 silly install resolved     _resolved: 'https://registry.npmjs.org/sf/-/sf-0.1.3.tgz',
280 silly install resolved     _from: 'sf@0.1.3' },
280 silly install resolved   { name: 'optimist',
280 silly install resolved     version: '0.3.7',
280 silly install resolved     description: 'Light-weight option parsing with an argv hash. No optstrings attached.',
280 silly install resolved     main: './index.js',
280 silly install resolved     dependencies: { wordwrap: '~0.0.2' },
280 silly install resolved     devDependencies: { hashish: '~0.0.4', tap: '~0.4.0' },
280 silly install resolved     scripts: { test: 'tap ./test/*.js' },
280 silly install resolved     repository:
280 silly install resolved      { type: 'git',
280 silly install resolved        url: 'http://github.com/substack/node-optimist.git' },
280 silly install resolved     keywords:
280 silly install resolved      [ 'argument',
280 silly install resolved        'args',
280 silly install resolved        'option',
280 silly install resolved        'parser',
280 silly install resolved        'parsing',
280 silly install resolved        'cli',
280 silly install resolved        'command' ],
280 silly install resolved     author:
280 silly install resolved      { name: 'James Halliday',
280 silly install resolved        email: 'mail@substack.net',
280 silly install resolved        url: 'http://substack.net' },
280 silly install resolved     license: 'MIT/X11',
280 silly install resolved     engine: { node: '>=0.4' },
280 silly install resolved     _id: 'optimist@0.3.7',
280 silly install resolved     dist:
280 silly install resolved      { shasum: 'c90941ad59e4273328923074d2cf2e7cbc6ec0d9',
280 silly install resolved        tarball: 'http://registry.npmjs.org/optimist/-/optimist-0.3.7.tgz' },
280 silly install resolved     _from: 'optimist@>=0.3.4 <0.4.0',
280 silly install resolved     _npmVersion: '1.2.2',
280 silly install resolved     _npmUser: { name: 'substack', email: 'mail@substack.net' },
280 silly install resolved     maintainers: [ [Object] ],
280 silly install resolved     directories: {},
280 silly install resolved     _shasum: 'c90941ad59e4273328923074d2cf2e7cbc6ec0d9',
280 silly install resolved     _resolved: 'https://registry.npmjs.org/optimist/-/optimist-0.3.7.tgz' },
280 silly install resolved   { name: 'bindings',
280 silly install resolved     description: 'Helper module for loading your native module\'s bindings in a cross-platform way',
280 silly install resolved     keywords: [ 'native', 'addon', 'bindings', 'gyp' ],
280 silly install resolved     version: '0.3.0',
280 silly install resolved     author:
280 silly install resolved      { name: 'Nathan Rajlich',
280 silly install resolved        email: 'nathan@tootallnate.net',
280 silly install resolved        url: 'http://tootallnate.net' },
280 silly install resolved     repository:
280 silly install resolved      { type: 'git',
280 silly install resolved        url: 'git://github.com/TooTallNate/node-bindings.git' },
280 silly install resolved     main: './bindings.js',
280 silly install resolved     engines: { node: '*' },
280 silly install resolved     _npmUser: { name: 'TooTallNate', email: 'nathan@tootallnate.net' },
280 silly install resolved     _id: 'bindings@0.3.0',
280 silly install resolved     dependencies: {},
280 silly install resolved     devDependencies: {},
280 silly install resolved     optionalDependencies: {},
280 silly install resolved     _engineSupported: true,
280 silly install resolved     _npmVersion: '1.1.1',
280 silly install resolved     _nodeVersion: 'v0.6.11',
280 silly install resolved     _defaultsLoaded: true,
280 silly install resolved     dist:
280 silly install resolved      { shasum: '2d01b7061ca312c6600c9b512404fd3ef99c06f3',
280 silly install resolved        tarball: 'http://registry.npmjs.org/bindings/-/bindings-0.3.0.tgz' },
280 silly install resolved     maintainers: [ [Object] ],
280 silly install resolved     directories: {},
280 silly install resolved     _shasum: '2d01b7061ca312c6600c9b512404fd3ef99c06f3',
280 silly install resolved     _resolved: 'https://registry.npmjs.org/bindings/-/bindings-0.3.0.tgz',
280 silly install resolved     _from: 'bindings@0.3.0' } ]
281 info install async@0.1.18 into C:\Users\Alfio\Documents\NodeProjects\tesi\target-block\node_modules\serialport2
282 info install sf@0.1.3 into C:\Users\Alfio\Documents\NodeProjects\tesi\target-block\node_modules\serialport2
283 info install optimist@0.3.7 into C:\Users\Alfio\Documents\NodeProjects\tesi\target-block\node_modules\serialport2
284 info install bindings@0.3.0 into C:\Users\Alfio\Documents\NodeProjects\tesi\target-block\node_modules\serialport2
285 info installOne async@0.1.18
286 verbose installOne of async to C:\Users\Alfio\Documents\NodeProjects\tesi\target-block\node_modules\serialport2 not in flight; installing
287 info installOne sf@0.1.3
288 verbose installOne of sf to C:\Users\Alfio\Documents\NodeProjects\tesi\target-block\node_modules\serialport2 not in flight; installing
289 info installOne optimist@0.3.7
290 verbose installOne of optimist to C:\Users\Alfio\Documents\NodeProjects\tesi\target-block\node_modules\serialport2 not in flight; installing
291 info installOne bindings@0.3.0
292 verbose installOne of bindings to C:\Users\Alfio\Documents\NodeProjects\tesi\target-block\node_modules\serialport2 not in flight; installing
293 verbose lock using C:\Users\Alfio\AppData\Roaming\npm-cache\_locks\async-bbabc5c09229bc4e.lock for C:\Users\Alfio\Documents\NodeProjects\tesi\target-block\node_modules\serialport2\node_modules\async
294 silly install write writing async 0.1.18 to C:\Users\Alfio\Documents\NodeProjects\tesi\target-block\node_modules\serialport2\node_modules\async
295 verbose lock using C:\Users\Alfio\AppData\Roaming\npm-cache\_locks\sf-d45f19351ca1417f.lock for C:\Users\Alfio\Documents\NodeProjects\tesi\target-block\node_modules\serialport2\node_modules\sf
296 verbose lock using C:\Users\Alfio\AppData\Roaming\npm-cache\_locks\optimist-e994efb8afad4d50.lock for C:\Users\Alfio\Documents\NodeProjects\tesi\target-block\node_modules\serialport2\node_modules\optimist
297 verbose lock using C:\Users\Alfio\AppData\Roaming\npm-cache\_locks\bindings-faee1b92ce574000.lock for C:\Users\Alfio\Documents\NodeProjects\tesi\target-block\node_modules\serialport2\node_modules\bindings
298 silly install write writing sf 0.1.3 to C:\Users\Alfio\Documents\NodeProjects\tesi\target-block\node_modules\serialport2\node_modules\sf
299 silly install write writing optimist 0.3.7 to C:\Users\Alfio\Documents\NodeProjects\tesi\target-block\node_modules\serialport2\node_modules\optimist
300 silly install write writing bindings 0.3.0 to C:\Users\Alfio\Documents\NodeProjects\tesi\target-block\node_modules\serialport2\node_modules\bindings
301 verbose unbuild node_modules\serialport2\node_modules\async
302 verbose unbuild node_modules\serialport2\node_modules\sf
303 verbose unbuild node_modules\serialport2\node_modules\optimist
304 verbose unbuild node_modules\serialport2\node_modules\bindings
305 silly gentlyRm C:\Users\Alfio\Documents\NodeProjects\tesi\target-block\node_modules\serialport2\node_modules\async is being purged from base C:\Users\Alfio\Documents\NodeProjects\tesi\target-block
306 verbose gentlyRm don't care about contents; nuking C:\Users\Alfio\Documents\NodeProjects\tesi\target-block\node_modules\serialport2\node_modules\async
307 silly gentlyRm C:\Users\Alfio\Documents\NodeProjects\tesi\target-block\node_modules\serialport2\node_modules\sf is being purged from base C:\Users\Alfio\Documents\NodeProjects\tesi\target-block
308 verbose gentlyRm don't care about contents; nuking C:\Users\Alfio\Documents\NodeProjects\tesi\target-block\node_modules\serialport2\node_modules\sf
309 silly gentlyRm C:\Users\Alfio\Documents\NodeProjects\tesi\target-block\node_modules\serialport2\node_modules\optimist is being purged from base C:\Users\Alfio\Documents\NodeProjects\tesi\target-block
310 verbose gentlyRm don't care about contents; nuking C:\Users\Alfio\Documents\NodeProjects\tesi\target-block\node_modules\serialport2\node_modules\optimist
311 verbose tar unpack C:\Users\Alfio\AppData\Roaming\npm-cache\async\0.1.18\package.tgz
312 verbose tar unpacking to C:\Users\Alfio\Documents\NodeProjects\tesi\target-block\node_modules\serialport2\node_modules\async
313 silly gentlyRm C:\Users\Alfio\Documents\NodeProjects\tesi\target-block\node_modules\serialport2\node_modules\async is being purged
314 verbose gentlyRm don't care about contents; nuking C:\Users\Alfio\Documents\NodeProjects\tesi\target-block\node_modules\serialport2\node_modules\async
315 verbose tar unpack C:\Users\Alfio\AppData\Roaming\npm-cache\sf\0.1.3\package.tgz
316 verbose tar unpacking to C:\Users\Alfio\Documents\NodeProjects\tesi\target-block\node_modules\serialport2\node_modules\sf
317 silly gentlyRm C:\Users\Alfio\Documents\NodeProjects\tesi\target-block\node_modules\serialport2\node_modules\sf is being purged
318 verbose gentlyRm don't care about contents; nuking C:\Users\Alfio\Documents\NodeProjects\tesi\target-block\node_modules\serialport2\node_modules\sf
319 verbose tar unpack C:\Users\Alfio\AppData\Roaming\npm-cache\optimist\0.3.7\package.tgz
320 verbose tar unpacking to C:\Users\Alfio\Documents\NodeProjects\tesi\target-block\node_modules\serialport2\node_modules\optimist
321 silly gentlyRm C:\Users\Alfio\Documents\NodeProjects\tesi\target-block\node_modules\serialport2\node_modules\optimist is being purged
322 verbose gentlyRm don't care about contents; nuking C:\Users\Alfio\Documents\NodeProjects\tesi\target-block\node_modules\serialport2\node_modules\optimist
323 silly gentlyRm C:\Users\Alfio\Documents\NodeProjects\tesi\target-block\node_modules\serialport2\node_modules\bindings is being purged from base C:\Users\Alfio\Documents\NodeProjects\tesi\target-block
324 verbose gentlyRm don't care about contents; nuking C:\Users\Alfio\Documents\NodeProjects\tesi\target-block\node_modules\serialport2\node_modules\bindings
325 silly gunzTarPerm modes [ '777', '666' ]
326 silly gunzTarPerm modes [ '777', '666' ]
327 silly gunzTarPerm modes [ '777', '666' ]
328 verbose tar unpack C:\Users\Alfio\AppData\Roaming\npm-cache\bindings\0.3.0\package.tgz
329 verbose tar unpacking to C:\Users\Alfio\Documents\NodeProjects\tesi\target-block\node_modules\serialport2\node_modules\bindings
330 silly gentlyRm C:\Users\Alfio\Documents\NodeProjects\tesi\target-block\node_modules\serialport2\node_modules\bindings is being purged
331 verbose gentlyRm don't care about contents; nuking C:\Users\Alfio\Documents\NodeProjects\tesi\target-block\node_modules\serialport2\node_modules\bindings
332 silly gunzTarPerm modes [ '777', '666' ]
333 silly gunzTarPerm extractEntry README.md
334 silly gunzTarPerm modified mode [ 'README.md', 420, 438 ]
335 silly gunzTarPerm extractEntry .npmignore
336 silly gunzTarPerm modified mode [ '.npmignore', 420, 438 ]
337 silly gunzTarPerm extractEntry package.json
338 silly gunzTarPerm modified mode [ 'package.json', 420, 438 ]
339 silly gunzTarPerm extractEntry bindings.js
340 silly gunzTarPerm modified mode [ 'bindings.js', 420, 438 ]
341 silly gunzTarPerm extractEntry index.js
342 silly gunzTarPerm modified mode [ 'index.js', 420, 438 ]
343 silly gunzTarPerm extractEntry README.md
344 silly gunzTarPerm modified mode [ 'README.md', 420, 438 ]
345 silly gunzTarPerm extractEntry lib/
346 silly gunzTarPerm modified mode [ 'lib/', 493, 511 ]
347 silly gunzTarPerm extractEntry LICENSE
348 silly gunzTarPerm modified mode [ 'LICENSE', 420, 438 ]
349 silly gunzTarPerm extractEntry index.js
350 silly gunzTarPerm modified mode [ 'index.js', 420, 438 ]
351 silly gunzTarPerm extractEntry package.json
352 silly gunzTarPerm modified mode [ 'package.json', 420, 438 ]
353 silly gunzTarPerm extractEntry README.md
354 silly gunzTarPerm modified mode [ 'README.md', 420, 438 ]
355 silly gunzTarPerm extractEntry lib/stringFormat.js
356 silly gunzTarPerm modified mode [ 'lib/stringFormat.js', 420, 438 ]
357 silly gunzTarPerm extractEntry .idea/
358 silly gunzTarPerm modified mode [ '.idea/', 493, 511 ]
359 silly gunzTarPerm extractEntry .idea/.name
360 silly gunzTarPerm modified mode [ '.idea/.name', 420, 438 ]
361 silly gunzTarPerm extractEntry test/
362 silly gunzTarPerm modified mode [ 'test/', 493, 511 ]
363 silly gunzTarPerm extractEntry test/stringFormatTest.js
364 silly gunzTarPerm modified mode [ 'test/stringFormatTest.js', 420, 438 ]
365 silly gunzTarPerm extractEntry test/indentTest.js
366 silly gunzTarPerm modified mode [ 'test/indentTest.js', 420, 438 ]
367 silly gunzTarPerm extractEntry package.json
368 silly gunzTarPerm modified mode [ 'package.json', 420, 438 ]
369 silly gunzTarPerm extractEntry index.js
370 silly gunzTarPerm modified mode [ 'index.js', 420, 438 ]
371 silly gunzTarPerm extractEntry example/line_count_options.js
372 silly gunzTarPerm modified mode [ 'example/line_count_options.js', 420, 438 ]
373 silly gunzTarPerm extractEntry .npmignore
374 silly gunzTarPerm modified mode [ '.npmignore', 420, 438 ]
375 silly gunzTarPerm extractEntry Makefile
376 silly gunzTarPerm modified mode [ 'Makefile', 420, 438 ]
377 silly gunzTarPerm extractEntry example/boolean_double.js
378 silly gunzTarPerm modified mode [ 'example/boolean_double.js', 420, 438 ]
379 silly gunzTarPerm extractEntry example/divide.js
380 silly gunzTarPerm modified mode [ 'example/divide.js', 420, 438 ]
381 silly gunzTarPerm extractEntry package.json
382 silly gunzTarPerm modified mode [ 'package.json', 420, 438 ]
383 silly gunzTarPerm extractEntry lib/
384 silly gunzTarPerm modified mode [ 'lib/', 493, 511 ]
385 silly gunzTarPerm extractEntry lib/async.js
386 silly gunzTarPerm modified mode [ 'lib/async.js', 420, 438 ]
387 silly gunzTarPerm extractEntry LICENSE
388 silly gunzTarPerm modified mode [ 'LICENSE', 420, 438 ]
389 verbose write writing to C:\Users\Alfio\Documents\NodeProjects\tesi\target-block\node_modules\serialport2\node_modules\bindings\package.json
390 silly gunzTarPerm extractEntry example/nonopt.js
391 silly gunzTarPerm modified mode [ 'example/nonopt.js', 420, 438 ]
392 silly gunzTarPerm extractEntry example/string.js
393 silly gunzTarPerm modified mode [ 'example/string.js', 420, 438 ]
394 silly gunzTarPerm extractEntry .gitmodules
395 silly gunzTarPerm modified mode [ '.gitmodules', 420, 438 ]
396 info preinstall bindings@0.3.0
397 verbose readDependencies loading dependencies from C:\Users\Alfio\Documents\NodeProjects\tesi\target-block\node_modules\serialport2\node_modules\bindings\package.json
398 silly gunzTarPerm extractEntry example/default_hash.js
399 silly gunzTarPerm modified mode [ 'example/default_hash.js', 420, 438 ]
400 silly gunzTarPerm extractEntry example/reflect.js
401 silly gunzTarPerm modified mode [ 'example/reflect.js', 420, 438 ]
402 verbose readDependencies loading dependencies from C:\Users\Alfio\Documents\NodeProjects\tesi\target-block\node_modules\serialport2\node_modules\bindings\package.json
403 silly gunzTarPerm extractEntry example/default_singles.js
404 silly gunzTarPerm modified mode [ 'example/default_singles.js', 420, 438 ]
405 silly gunzTarPerm extractEntry example/usage-options.js
406 silly gunzTarPerm modified mode [ 'example/usage-options.js', 420, 438 ]
407 silly install resolved []
408 verbose about to build C:\Users\Alfio\Documents\NodeProjects\tesi\target-block\node_modules\serialport2\node_modules\bindings
409 info build C:\Users\Alfio\Documents\NodeProjects\tesi\target-block\node_modules\serialport2\node_modules\bindings
410 info linkStuff bindings@0.3.0
411 silly linkStuff bindings@0.3.0 has C:\Users\Alfio\Documents\NodeProjects\tesi\target-block\node_modules\serialport2\node_modules as its parent node_modules
412 verbose linkBins bindings@0.3.0
413 verbose linkMans bindings@0.3.0
414 verbose rebuildBundles bindings@0.3.0
415 info install bindings@0.3.0
416 silly gunzTarPerm extractEntry example/bool.js
417 silly gunzTarPerm modified mode [ 'example/bool.js', 420, 438 ]
418 silly gunzTarPerm extractEntry example/short.js
419 silly gunzTarPerm modified mode [ 'example/short.js', 420, 438 ]
420 info postinstall bindings@0.3.0
421 verbose unlock done using C:\Users\Alfio\AppData\Roaming\npm-cache\_locks\bindings-faee1b92ce574000.lock for C:\Users\Alfio\Documents\NodeProjects\tesi\target-block\node_modules\serialport2\node_modules\bindings
422 silly gunzTarPerm extractEntry example/xup.js
423 silly gunzTarPerm modified mode [ 'example/xup.js', 420, 438 ]
424 silly gunzTarPerm extractEntry example/boolean_single.js
425 silly gunzTarPerm modified mode [ 'example/boolean_single.js', 420, 438 ]
426 silly gunzTarPerm extractEntry example/line_count_wrap.js
427 silly gunzTarPerm modified mode [ 'example/line_count_wrap.js', 420, 438 ]
428 silly gunzTarPerm extractEntry example/line_count.js
429 silly gunzTarPerm modified mode [ 'example/line_count.js', 420, 438 ]
430 silly gunzTarPerm extractEntry readme.markdown
431 silly gunzTarPerm modified mode [ 'readme.markdown', 420, 438 ]
432 silly gunzTarPerm extractEntry test/parse.js
433 silly gunzTarPerm modified mode [ 'test/parse.js', 420, 438 ]
434 verbose write writing to C:\Users\Alfio\Documents\NodeProjects\tesi\target-block\node_modules\serialport2\node_modules\sf\package.json
435 silly gunzTarPerm extractEntry test/_.js
436 silly gunzTarPerm modified mode [ 'test/_.js', 420, 438 ]
437 silly gunzTarPerm extractEntry test/usage.js
438 silly gunzTarPerm modified mode [ 'test/usage.js', 420, 438 ]
439 verbose write writing to C:\Users\Alfio\Documents\NodeProjects\tesi\target-block\node_modules\serialport2\node_modules\async\package.json
440 silly gunzTarPerm extractEntry test/_/bin.js
441 silly gunzTarPerm modified mode [ 'test/_/bin.js', 493, 511 ]
442 silly gunzTarPerm extractEntry test/_/argv.js
443 silly gunzTarPerm modified mode [ 'test/_/argv.js', 420, 438 ]
444 info preinstall sf@0.1.3
445 silly gunzTarPerm extractEntry .travis.yml
446 silly gunzTarPerm modified mode [ '.travis.yml', 420, 438 ]
447 verbose readDependencies loading dependencies from C:\Users\Alfio\Documents\NodeProjects\tesi\target-block\node_modules\serialport2\node_modules\sf\package.json
448 info preinstall async@0.1.18
449 verbose readDependencies loading dependencies from C:\Users\Alfio\Documents\NodeProjects\tesi\target-block\node_modules\serialport2\node_modules\async\package.json
450 verbose readDependencies loading dependencies from C:\Users\Alfio\Documents\NodeProjects\tesi\target-block\node_modules\serialport2\node_modules\sf\package.json
451 verbose readDependencies loading dependencies from C:\Users\Alfio\Documents\NodeProjects\tesi\target-block\node_modules\serialport2\node_modules\async\package.json
452 silly install resolved []
453 verbose about to build C:\Users\Alfio\Documents\NodeProjects\tesi\target-block\node_modules\serialport2\node_modules\sf
454 info build C:\Users\Alfio\Documents\NodeProjects\tesi\target-block\node_modules\serialport2\node_modules\sf
455 silly install resolved []
456 verbose about to build C:\Users\Alfio\Documents\NodeProjects\tesi\target-block\node_modules\serialport2\node_modules\async
457 info build C:\Users\Alfio\Documents\NodeProjects\tesi\target-block\node_modules\serialport2\node_modules\async
458 info linkStuff sf@0.1.3
459 silly linkStuff sf@0.1.3 has C:\Users\Alfio\Documents\NodeProjects\tesi\target-block\node_modules\serialport2\node_modules as its parent node_modules
460 verbose linkBins sf@0.1.3
461 verbose linkMans sf@0.1.3
462 verbose rebuildBundles sf@0.1.3
463 info install sf@0.1.3
464 info postinstall sf@0.1.3
465 info linkStuff async@0.1.18
466 silly linkStuff async@0.1.18 has C:\Users\Alfio\Documents\NodeProjects\tesi\target-block\node_modules\serialport2\node_modules as its parent node_modules
467 verbose unlock done using C:\Users\Alfio\AppData\Roaming\npm-cache\_locks\sf-d45f19351ca1417f.lock for C:\Users\Alfio\Documents\NodeProjects\tesi\target-block\node_modules\serialport2\node_modules\sf
468 verbose linkBins async@0.1.18
469 verbose linkMans async@0.1.18
470 verbose rebuildBundles async@0.1.18
471 info install async@0.1.18
472 info postinstall async@0.1.18
473 verbose unlock done using C:\Users\Alfio\AppData\Roaming\npm-cache\_locks\async-bbabc5c09229bc4e.lock for C:\Users\Alfio\Documents\NodeProjects\tesi\target-block\node_modules\serialport2\node_modules\async
474 verbose write writing to C:\Users\Alfio\Documents\NodeProjects\tesi\target-block\node_modules\serialport2\node_modules\optimist\package.json
475 info preinstall optimist@0.3.7
476 verbose readDependencies loading dependencies from C:\Users\Alfio\Documents\NodeProjects\tesi\target-block\node_modules\serialport2\node_modules\optimist\package.json
477 silly prepareForInstallMany adding wordwrap@~0.0.2 from optimist dependencies
478 verbose readDependencies loading dependencies from C:\Users\Alfio\Documents\NodeProjects\tesi\target-block\node_modules\serialport2\node_modules\optimist\package.json
479 silly cache add args [ 'wordwrap@~0.0.2', null ]
480 verbose cache add spec wordwrap@~0.0.2
481 silly cache add parsed spec Result {
481 silly cache add   raw: 'wordwrap@~0.0.2',
481 silly cache add   scope: null,
481 silly cache add   name: 'wordwrap',
481 silly cache add   rawSpec: '~0.0.2',
481 silly cache add   spec: '>=0.0.2 <0.1.0',
481 silly cache add   type: 'range' }
482 silly addNamed wordwrap@>=0.0.2 <0.1.0
483 verbose addNamed ">=0.0.2 <0.1.0" is a valid semver range for wordwrap
484 silly addNameRange { name: 'wordwrap', range: '>=0.0.2 <0.1.0', hasData: false }
485 silly mapToRegistry name wordwrap
486 silly mapToRegistry using default registry
487 silly mapToRegistry registry https://registry.npmjs.org/
488 silly mapToRegistry uri https://registry.npmjs.org/wordwrap
489 verbose addNameRange registry:https://registry.npmjs.org/wordwrap not in flight; fetching
490 verbose request uri https://registry.npmjs.org/wordwrap
491 verbose request no auth needed
492 info attempt registry request try #1 at 16:10:49
493 verbose etag "73LBTAP4GYYX0WY7YM3IQ89SJ"
494 http request GET https://registry.npmjs.org/wordwrap
495 http 304 https://registry.npmjs.org/wordwrap
496 silly get cb [ 304,
496 silly get   { date: 'Sat, 14 Nov 2015 15:10:49 GMT',
496 silly get     via: '1.1 varnish',
496 silly get     'cache-control': 'max-age=60',
496 silly get     etag: '"73LBTAP4GYYX0WY7YM3IQ89SJ"',
496 silly get     age: '27',
496 silly get     connection: 'keep-alive',
496 silly get     'x-served-by': 'cache-fra1237-FRA',
496 silly get     'x-cache': 'HIT',
496 silly get     'x-cache-hits': '1',
496 silly get     'x-timer': 'S1447513849.675454,VS0,VE0',
496 silly get     vary: 'Accept' } ]
497 verbose etag https://registry.npmjs.org/wordwrap from cache
498 verbose get saving wordwrap to C:\Users\Alfio\AppData\Roaming\npm-cache\registry.npmjs.org\wordwrap\.cache.json
499 silly addNameRange number 2 { name: 'wordwrap', range: '>=0.0.2 <0.1.0', hasData: true }
500 silly addNameRange versions [ 'wordwrap', [ '0.0.1', '0.0.2', '0.0.3', '1.0.0' ] ]
501 silly addNamed wordwrap@0.0.3
502 verbose addNamed "0.0.3" is a plain semver version for wordwrap
503 silly cache afterAdd wordwrap@0.0.3
504 verbose afterAdd C:\Users\Alfio\AppData\Roaming\npm-cache\wordwrap\0.0.3\package\package.json not in flight; writing
505 verbose afterAdd C:\Users\Alfio\AppData\Roaming\npm-cache\wordwrap\0.0.3\package\package.json written
506 silly install resolved [ { name: 'wordwrap',
506 silly install resolved     description: 'Wrap those words. Show them at what columns to start and stop.',
506 silly install resolved     version: '0.0.3',
506 silly install resolved     repository:
506 silly install resolved      { type: 'git',
506 silly install resolved        url: 'git://github.com/substack/node-wordwrap.git' },
506 silly install resolved     main: './index.js',
506 silly install resolved     keywords: [ 'word', 'wrap', 'rule', 'format', 'column' ],
506 silly install resolved     directories: { lib: '.', example: 'example', test: 'test' },
506 silly install resolved     scripts: { test: 'expresso' },
506 silly install resolved     devDependencies: { expresso: '=0.7.x' },
506 silly install resolved     engines: { node: '>=0.4.0' },
506 silly install resolved     license: 'MIT',
506 silly install resolved     author:
506 silly install resolved      { name: 'James Halliday',
506 silly install resolved        email: 'mail@substack.net',
506 silly install resolved        url: 'http://substack.net' },
506 silly install resolved     gitHead: 'e59aa1bd338914019456bdfba034508c9c4cb29d',
506 silly install resolved     bugs: { url: 'https://github.com/substack/node-wordwrap/issues' },
506 silly install resolved     homepage: 'https://github.com/substack/node-wordwrap#readme',
506 silly install resolved     _id: 'wordwrap@0.0.3',
506 silly install resolved     _shasum: 'a3d5da6cd5c0bc0008d37234bbaf1bed63059107',
506 silly install resolved     _from: 'wordwrap@>=0.0.2 <0.1.0',
506 silly install resolved     _npmVersion: '2.9.0',
506 silly install resolved     _nodeVersion: '2.0.0',
506 silly install resolved     _npmUser: { name: 'substack', email: 'substack@gmail.com' },
506 silly install resolved     dist:
506 silly install resolved      { shasum: 'a3d5da6cd5c0bc0008d37234bbaf1bed63059107',
506 silly install resolved        tarball: 'http://registry.npmjs.org/wordwrap/-/wordwrap-0.0.3.tgz' },
506 silly install resolved     maintainers: [ [Object] ],
506 silly install resolved     _resolved: 'https://registry.npmjs.org/wordwrap/-/wordwrap-0.0.3.tgz',
506 silly install resolved     readme: 'ERROR: No README data found!' } ]
507 info install wordwrap@0.0.3 into C:\Users\Alfio\Documents\NodeProjects\tesi\target-block\node_modules\serialport2\node_modules\optimist
508 info installOne wordwrap@0.0.3
509 verbose installOne of wordwrap to C:\Users\Alfio\Documents\NodeProjects\tesi\target-block\node_modules\serialport2\node_modules\optimist not in flight; installing
510 verbose lock using C:\Users\Alfio\AppData\Roaming\npm-cache\_locks\wordwrap-2488efb221986926.lock for C:\Users\Alfio\Documents\NodeProjects\tesi\target-block\node_modules\serialport2\node_modules\optimist\node_modules\wordwrap
511 silly install write writing wordwrap 0.0.3 to C:\Users\Alfio\Documents\NodeProjects\tesi\target-block\node_modules\serialport2\node_modules\optimist\node_modules\wordwrap
512 verbose unbuild node_modules\serialport2\node_modules\optimist\node_modules\wordwrap
513 silly gentlyRm C:\Users\Alfio\Documents\NodeProjects\tesi\target-block\node_modules\serialport2\node_modules\optimist\node_modules\wordwrap is being purged from base C:\Users\Alfio\Documents\NodeProjects\tesi\target-block
514 verbose gentlyRm don't care about contents; nuking C:\Users\Alfio\Documents\NodeProjects\tesi\target-block\node_modules\serialport2\node_modules\optimist\node_modules\wordwrap
515 verbose tar unpack C:\Users\Alfio\AppData\Roaming\npm-cache\wordwrap\0.0.3\package.tgz
516 verbose tar unpacking to C:\Users\Alfio\Documents\NodeProjects\tesi\target-block\node_modules\serialport2\node_modules\optimist\node_modules\wordwrap
517 silly gentlyRm C:\Users\Alfio\Documents\NodeProjects\tesi\target-block\node_modules\serialport2\node_modules\optimist\node_modules\wordwrap is being purged
518 verbose gentlyRm don't care about contents; nuking C:\Users\Alfio\Documents\NodeProjects\tesi\target-block\node_modules\serialport2\node_modules\optimist\node_modules\wordwrap
519 silly gunzTarPerm modes [ '777', '666' ]
520 silly gunzTarPerm extractEntry package.json
521 silly gunzTarPerm modified mode [ 'package.json', 420, 438 ]
522 silly gunzTarPerm extractEntry LICENSE
523 silly gunzTarPerm modified mode [ 'LICENSE', 420, 438 ]
524 silly gunzTarPerm extractEntry index.js
525 silly gunzTarPerm modified mode [ 'index.js', 420, 438 ]
526 silly gunzTarPerm extractEntry README.markdown
527 silly gunzTarPerm modified mode [ 'README.markdown', 420, 438 ]
528 silly gunzTarPerm extractEntry example/center.js
529 silly gunzTarPerm modified mode [ 'example/center.js', 420, 438 ]
530 silly gunzTarPerm extractEntry example/meat.js
531 silly gunzTarPerm modified mode [ 'example/meat.js', 420, 438 ]
532 silly gunzTarPerm extractEntry test/break.js
533 silly gunzTarPerm modified mode [ 'test/break.js', 420, 438 ]
534 silly gunzTarPerm extractEntry test/wrap.js
535 silly gunzTarPerm modified mode [ 'test/wrap.js', 420, 438 ]
536 silly gunzTarPerm extractEntry test/idleness.txt
537 silly gunzTarPerm modified mode [ 'test/idleness.txt', 420, 438 ]
538 verbose write writing to C:\Users\Alfio\Documents\NodeProjects\tesi\target-block\node_modules\serialport2\node_modules\optimist\node_modules\wordwrap\package.json
539 info preinstall wordwrap@0.0.3
540 verbose readDependencies loading dependencies from C:\Users\Alfio\Documents\NodeProjects\tesi\target-block\node_modules\serialport2\node_modules\optimist\node_modules\wordwrap\package.json
541 verbose readDependencies loading dependencies from C:\Users\Alfio\Documents\NodeProjects\tesi\target-block\node_modules\serialport2\node_modules\optimist\node_modules\wordwrap\package.json
542 silly install resolved []
543 verbose about to build C:\Users\Alfio\Documents\NodeProjects\tesi\target-block\node_modules\serialport2\node_modules\optimist\node_modules\wordwrap
544 info build C:\Users\Alfio\Documents\NodeProjects\tesi\target-block\node_modules\serialport2\node_modules\optimist\node_modules\wordwrap
545 info linkStuff wordwrap@0.0.3
546 silly linkStuff wordwrap@0.0.3 has C:\Users\Alfio\Documents\NodeProjects\tesi\target-block\node_modules\serialport2\node_modules\optimist\node_modules as its parent node_modules
547 verbose linkBins wordwrap@0.0.3
548 verbose linkMans wordwrap@0.0.3
549 verbose rebuildBundles wordwrap@0.0.3
550 info install wordwrap@0.0.3
551 info postinstall wordwrap@0.0.3
552 verbose unlock done using C:\Users\Alfio\AppData\Roaming\npm-cache\_locks\wordwrap-2488efb221986926.lock for C:\Users\Alfio\Documents\NodeProjects\tesi\target-block\node_modules\serialport2\node_modules\optimist\node_modules\wordwrap
553 verbose about to build C:\Users\Alfio\Documents\NodeProjects\tesi\target-block\node_modules\serialport2\node_modules\optimist
554 info build C:\Users\Alfio\Documents\NodeProjects\tesi\target-block\node_modules\serialport2\node_modules\optimist
555 info linkStuff optimist@0.3.7
556 silly linkStuff optimist@0.3.7 has C:\Users\Alfio\Documents\NodeProjects\tesi\target-block\node_modules\serialport2\node_modules as its parent node_modules
557 verbose linkBins optimist@0.3.7
558 verbose linkMans optimist@0.3.7
559 verbose rebuildBundles optimist@0.3.7
560 verbose rebuildBundles [ 'wordwrap' ]
561 info install optimist@0.3.7
562 info postinstall optimist@0.3.7
563 verbose unlock done using C:\Users\Alfio\AppData\Roaming\npm-cache\_locks\optimist-e994efb8afad4d50.lock for C:\Users\Alfio\Documents\NodeProjects\tesi\target-block\node_modules\serialport2\node_modules\optimist
564 verbose about to build C:\Users\Alfio\Documents\NodeProjects\tesi\target-block\node_modules\serialport2
565 info build C:\Users\Alfio\Documents\NodeProjects\tesi\target-block\node_modules\serialport2
566 info linkStuff serialport2@0.0.5
567 silly linkStuff serialport2@0.0.5 has C:\Users\Alfio\Documents\NodeProjects\tesi\target-block\node_modules as its parent node_modules
568 verbose linkBins serialport2@0.0.5
569 verbose link bins [ { serialportlist: './bin/serialportList.js',
569 verbose link bins     serialportterm: './bin/serialportTerminal.js' },
569 verbose link bins   'C:\\Users\\Alfio\\Documents\\NodeProjects\\tesi\\target-block\\node_modules\\.bin',
569 verbose link bins   false ]
570 verbose linkMans serialport2@0.0.5
571 verbose rebuildBundles serialport2@0.0.5
572 verbose rebuildBundles [ 'async', 'bindings', 'optimist', 'sf' ]
573 info install serialport2@0.0.5
574 verbose unsafe-perm in lifecycle true
575 info serialport2@0.0.5 Failed to exec install script
576 verbose unlock done using C:\Users\Alfio\AppData\Roaming\npm-cache\_locks\serialport2-973533e11bc88853.lock for C:\Users\Alfio\Documents\NodeProjects\tesi\target-block\node_modules\serialport2
577 verbose stack Error: serialport2@0.0.5 install: `node-gyp rebuild`
577 verbose stack Exit status 1
577 verbose stack     at EventEmitter.<anonymous> (C:\Program Files\nodejs\node_modules\npm\lib\utils\lifecycle.js:214:16)
577 verbose stack     at emitTwo (events.js:87:13)
577 verbose stack     at EventEmitter.emit (events.js:172:7)
577 verbose stack     at ChildProcess.<anonymous> (C:\Program Files\nodejs\node_modules\npm\lib\utils\spawn.js:24:14)
577 verbose stack     at emitTwo (events.js:87:13)
577 verbose stack     at ChildProcess.emit (events.js:172:7)
577 verbose stack     at maybeClose (internal/child_process.js:818:16)
577 verbose stack     at Process.ChildProcess._handle.onexit (internal/child_process.js:211:5)
578 verbose pkgid serialport2@0.0.5
579 verbose cwd C:\Users\Alfio\Documents\NodeProjects\tesi\target-block
580 error Windows_NT 10.0.10240
581 error argv "C:\\Program Files\\nodejs\\node.exe" "C:\\Program Files\\nodejs\\node_modules\\npm\\bin\\npm-cli.js" "install" "--save" "serialport2"
582 error node v4.1.2
583 error npm  v2.14.4
584 error code ELIFECYCLE
585 error serialport2@0.0.5 install: `node-gyp rebuild`
585 error Exit status 1
586 error Failed at the serialport2@0.0.5 install script 'node-gyp rebuild'.
586 error This is most likely a problem with the serialport2 package,
586 error not with npm itself.
586 error Tell the author that this fails on your system:
586 error     node-gyp rebuild
586 error You can get their info via:
586 error     npm owner ls serialport2
586 error There is likely additional logging output above.
587 verbose exit [ 1, true ]
588 verbose unbuild node_modules\serialport2
589 info preuninstall serialport2@0.0.5
590 info uninstall serialport2@0.0.5
591 verbose unbuild rmStuff serialport2@0.0.5 from C:\Users\Alfio\Documents\NodeProjects\tesi\target-block\node_modules
592 silly gentlyRm C:\Users\Alfio\Documents\NodeProjects\tesi\target-block\node_modules\.bin\serialportlist.cmd is being gently removed
593 silly gentlyRm verifying C:\Users\Alfio\Documents\NodeProjects\tesi\target-block is an npm working directory
594 silly gentlyRm C:\Users\Alfio\Documents\NodeProjects\tesi\target-block\node_modules\.bin\serialportterm.cmd is being gently removed
595 silly gentlyRm verifying C:\Users\Alfio\Documents\NodeProjects\tesi\target-block is an npm working directory
596 silly gentlyRm containing path C:\Users\Alfio\Documents\NodeProjects\tesi\target-block is under npm's control, in C:\Users\Alfio\Documents\NodeProjects\tesi\target-block
597 silly gentlyRm deletion target C:\Users\Alfio\Documents\NodeProjects\tesi\target-block\node_modules\.bin\serialportlist.cmd is under C:\Users\Alfio\Documents\NodeProjects\tesi\target-block
598 verbose gentlyRm vacuuming from C:\Users\Alfio\Documents\NodeProjects\tesi\target-block\node_modules\.bin\serialportlist.cmd up to C:\Users\Alfio\Documents\NodeProjects\tesi\target-block
599 silly gentlyRm containing path C:\Users\Alfio\Documents\NodeProjects\tesi\target-block is under npm's control, in C:\Users\Alfio\Documents\NodeProjects\tesi\target-block
600 silly gentlyRm deletion target C:\Users\Alfio\Documents\NodeProjects\tesi\target-block\node_modules\.bin\serialportterm.cmd is under C:\Users\Alfio\Documents\NodeProjects\tesi\target-block
601 verbose gentlyRm vacuuming from C:\Users\Alfio\Documents\NodeProjects\tesi\target-block\node_modules\.bin\serialportterm.cmd up to C:\Users\Alfio\Documents\NodeProjects\tesi\target-block
602 silly vacuum-fs removing C:\Users\Alfio\Documents\NodeProjects\tesi\target-block\node_modules\.bin\serialportlist.cmd
603 silly vacuum-fs removing C:\Users\Alfio\Documents\NodeProjects\tesi\target-block\node_modules\.bin\serialportterm.cmd
604 silly vacuum-fs quitting because other entries in C:\Users\Alfio\Documents\NodeProjects\tesi\target-block\node_modules\.bin
605 silly gentlyRm C:\Users\Alfio\Documents\NodeProjects\tesi\target-block\node_modules\.bin\serialportlist is being gently removed
606 silly gentlyRm verifying C:\Users\Alfio\Documents\NodeProjects\tesi\target-block is an npm working directory
607 silly gentlyRm containing path C:\Users\Alfio\Documents\NodeProjects\tesi\target-block is under npm's control, in C:\Users\Alfio\Documents\NodeProjects\tesi\target-block
608 silly gentlyRm deletion target C:\Users\Alfio\Documents\NodeProjects\tesi\target-block\node_modules\.bin\serialportlist is under C:\Users\Alfio\Documents\NodeProjects\tesi\target-block
609 verbose gentlyRm vacuuming from C:\Users\Alfio\Documents\NodeProjects\tesi\target-block\node_modules\.bin\serialportlist up to C:\Users\Alfio\Documents\NodeProjects\tesi\target-block
610 silly vacuum-fs quitting because other entries in C:\Users\Alfio\Documents\NodeProjects\tesi\target-block\node_modules\.bin
611 silly gentlyRm C:\Users\Alfio\Documents\NodeProjects\tesi\target-block\node_modules\.bin\serialportterm is being gently removed
612 silly gentlyRm verifying C:\Users\Alfio\Documents\NodeProjects\tesi\target-block is an npm working directory
613 silly gentlyRm containing path C:\Users\Alfio\Documents\NodeProjects\tesi\target-block is under npm's control, in C:\Users\Alfio\Documents\NodeProjects\tesi\target-block
614 silly gentlyRm deletion target C:\Users\Alfio\Documents\NodeProjects\tesi\target-block\node_modules\.bin\serialportterm is under C:\Users\Alfio\Documents\NodeProjects\tesi\target-block
615 verbose gentlyRm vacuuming from C:\Users\Alfio\Documents\NodeProjects\tesi\target-block\node_modules\.bin\serialportterm up to C:\Users\Alfio\Documents\NodeProjects\tesi\target-block
616 silly vacuum-fs removing C:\Users\Alfio\Documents\NodeProjects\tesi\target-block\node_modules\.bin\serialportlist
617 silly vacuum-fs removing C:\Users\Alfio\Documents\NodeProjects\tesi\target-block\node_modules\.bin\serialportterm
618 silly vacuum-fs quitting because other entries in C:\Users\Alfio\Documents\NodeProjects\tesi\target-block\node_modules\.bin
619 silly vacuum-fs removing C:\Users\Alfio\Documents\NodeProjects\tesi\target-block\node_modules\.bin
620 silly vacuum-fs quitting because other entries in C:\Users\Alfio\Documents\NodeProjects\tesi\target-block\node_modules
621 info postuninstall serialport2@0.0.5
622 silly gentlyRm C:\Users\Alfio\Documents\NodeProjects\tesi\target-block\node_modules\serialport2 is being purged from base C:\Users\Alfio\Documents\NodeProjects\tesi\target-block
623 verbose gentlyRm don't care about contents; nuking C:\Users\Alfio\Documents\NodeProjects\tesi\target-block\node_modules\serialport2
624 silly vacuum-fs purging C:\Users\Alfio\Documents\NodeProjects\tesi\target-block\node_modules\serialport2
625 silly vacuum-fs quitting because other entries in C:\Users\Alfio\Documents\NodeProjects\tesi\target-block\node_modules
